{"C:\\Users\\beach boy\\Desktop\\WCKD\\TO-DO-LIST\\src\\addDataToLocalStorage.js": {"path":"C:\\Users\\beach boy\\Desktop\\WCKD\\TO-DO-LIST\\src\\addDataToLocalStorage.js","statementMap":{"0":{"start":{"line":4,"column":37},"end":{"line":4,"column":62}},"1":{"start":{"line":5,"column":2},"end":{"line":9,"column":5}},"2":{"start":{"line":10,"column":2},"end":{"line":10,"column":52}},"3":{"start":{"line":13,"column":0},"end":{"line":13,"column":35}}},"fnMap":{"0":{"name":"addToLocalStorage","decl":{"start":{"line":3,"column":24},"end":{"line":3,"column":41}},"loc":{"start":{"line":3,"column":48},"end":{"line":11,"column":1}},"line":3}},"branchMap":{},"s":{"0":1,"1":1,"2":1,"3":1},"f":{"0":1},"b":{},"_coverageSchema":"1a1c01bbd47fc00a2c39e90264f33305004495a9","hash":"8a2c06702f53b1e8ad8a5a6fcd2a9a7a359859ea"}
,"C:\\Users\\beach boy\\Desktop\\WCKD\\TO-DO-LIST\\src\\getSetLocalStorage.js": {"path":"C:\\Users\\beach boy\\Desktop\\WCKD\\TO-DO-LIST\\src\\getSetLocalStorage.js","statementMap":{"0":{"start":{"line":1,"column":13},"end":{"line":1,"column":59}},"1":{"start":{"line":4,"column":32},"end":{"line":4,"column":42}},"2":{"start":{"line":4,"column":38},"end":{"line":4,"column":42}},"3":{"start":{"line":6,"column":30},"end":{"line":12,"column":1}},"4":{"start":{"line":8,"column":2},"end":{"line":10,"column":5}},"5":{"start":{"line":9,"column":4},"end":{"line":9,"column":20}},"6":{"start":{"line":11,"column":2},"end":{"line":11,"column":51}}},"fnMap":{"0":{"name":"(anonymous_0)","decl":{"start":{"line":4,"column":32},"end":{"line":4,"column":33}},"loc":{"start":{"line":4,"column":38},"end":{"line":4,"column":42}},"line":4},"1":{"name":"(anonymous_1)","decl":{"start":{"line":6,"column":30},"end":{"line":6,"column":31}},"loc":{"start":{"line":6,"column":38},"end":{"line":12,"column":1}},"line":6},"2":{"name":"(anonymous_2)","decl":{"start":{"line":8,"column":13},"end":{"line":8,"column":14}},"loc":{"start":{"line":8,"column":23},"end":{"line":10,"column":3}},"line":8}},"branchMap":{"0":{"loc":{"start":{"line":1,"column":13},"end":{"line":1,"column":59}},"type":"binary-expr","locations":[{"start":{"line":1,"column":13},"end":{"line":1,"column":53}},{"start":{"line":1,"column":57},"end":{"line":1,"column":59}}],"line":1}},"s":{"0":1,"1":1,"2":1,"3":1,"4":1,"5":1,"6":1},"f":{"0":1,"1":1,"2":1},"b":{"0":[1,1]},"_coverageSchema":"1a1c01bbd47fc00a2c39e90264f33305004495a9","hash":"9af8eaf9ff72f6e9c67f334d6a0130a379633b36"}
}
