{"C:\\Users\\beach boy\\Desktop\\WCKD\\TO-DO-LIST\\src\\add_remove.js": {"path":"C:\\Users\\beach boy\\Desktop\\WCKD\\TO-DO-LIST\\src\\add_remove.js","statementMap":{"0":{"start":{"line":4,"column":35},"end":{"line":4,"column":60}},"1":{"start":{"line":5,"column":2},"end":{"line":10,"column":5}},"2":{"start":{"line":6,"column":4},"end":{"line":9,"column":5}},"3":{"start":{"line":7,"column":6},"end":{"line":8,"column":66}},"4":{"start":{"line":8,"column":24},"end":{"line":8,"column":64}},"5":{"start":{"line":11,"column":2},"end":{"line":11,"column":52}},"6":{"start":{"line":15,"column":37},"end":{"line":15,"column":62}},"7":{"start":{"line":16,"column":2},"end":{"line":20,"column":5}},"8":{"start":{"line":21,"column":2},"end":{"line":21,"column":52}},"9":{"start":{"line":24,"column":0},"end":{"line":24,"column":67}}},"fnMap":{"0":{"name":"removeDataFromLocalStorage","decl":{"start":{"line":3,"column":9},"end":{"line":3,"column":35}},"loc":{"start":{"line":3,"column":49},"end":{"line":12,"column":1}},"line":3},"1":{"name":"(anonymous_1)","decl":{"start":{"line":5,"column":37},"end":{"line":5,"column":38}},"loc":{"start":{"line":5,"column":45},"end":{"line":10,"column":3}},"line":5},"2":{"name":"(anonymous_2)","decl":{"start":{"line":8,"column":16},"end":{"line":8,"column":17}},"loc":{"start":{"line":8,"column":24},"end":{"line":8,"column":64}},"line":8},"3":{"name":"addToLocalStorage","decl":{"start":{"line":14,"column":9},"end":{"line":14,"column":26}},"loc":{"start":{"line":14,"column":33},"end":{"line":22,"column":1}},"line":14}},"branchMap":{"0":{"loc":{"start":{"line":6,"column":4},"end":{"line":9,"column":5}},"type":"if","locations":[{"start":{"line":6,"column":4},"end":{"line":9,"column":5}},{"start":{},"end":{}}],"line":6}},"s":{"0":1,"1":1,"2":1,"3":0,"4":0,"5":1,"6":1,"7":1,"8":1,"9":1},"f":{"0":1,"1":1,"2":0,"3":1},"b":{"0":[0,1]},"_coverageSchema":"1a1c01bbd47fc00a2c39e90264f33305004495a9","hash":"90d04798a32c3e543c88861b5353971b12991b38"}
,"C:\\Users\\beach boy\\Desktop\\WCKD\\TO-DO-LIST\\src\\getSetLocalStorage.js": {"path":"C:\\Users\\beach boy\\Desktop\\WCKD\\TO-DO-LIST\\src\\getSetLocalStorage.js","statementMap":{"0":{"start":{"line":2,"column":32},"end":{"line":2,"column":84}},"1":{"start":{"line":2,"column":38},"end":{"line":2,"column":84}},"2":{"start":{"line":5,"column":30},"end":{"line":11,"column":1}},"3":{"start":{"line":7,"column":2},"end":{"line":9,"column":5}},"4":{"start":{"line":8,"column":4},"end":{"line":8,"column":20}},"5":{"start":{"line":10,"column":2},"end":{"line":10,"column":51}}},"fnMap":{"0":{"name":"(anonymous_0)","decl":{"start":{"line":2,"column":32},"end":{"line":2,"column":33}},"loc":{"start":{"line":2,"column":38},"end":{"line":2,"column":84}},"line":2},"1":{"name":"(anonymous_1)","decl":{"start":{"line":5,"column":30},"end":{"line":5,"column":31}},"loc":{"start":{"line":5,"column":38},"end":{"line":11,"column":1}},"line":5},"2":{"name":"(anonymous_2)","decl":{"start":{"line":7,"column":13},"end":{"line":7,"column":14}},"loc":{"start":{"line":7,"column":23},"end":{"line":9,"column":3}},"line":7}},"branchMap":{"0":{"loc":{"start":{"line":2,"column":38},"end":{"line":2,"column":84}},"type":"binary-expr","locations":[{"start":{"line":2,"column":38},"end":{"line":2,"column":78}},{"start":{"line":2,"column":82},"end":{"line":2,"column":84}}],"line":2}},"s":{"0":1,"1":2,"2":1,"3":2,"4":2,"5":2},"f":{"0":2,"1":2,"2":2},"b":{"0":[2,1]},"_coverageSchema":"1a1c01bbd47fc00a2c39e90264f33305004495a9","hash":"8d44e461844b47908fe6342a85ff9d72ef1719cd"}
}
