TN:
SF:src\add_remove.js
FN:3,removeDataFromLocalStorage
FN:5,(anonymous_1)
FN:8,(anonymous_2)
FN:14,addToLocalStorage
FNF:4
FNH:3
FNDA:1,removeDataFromLocalStorage
FNDA:1,(anonymous_1)
FNDA:0,(anonymous_2)
FNDA:1,addToLocalStorage
DA:4,1
DA:5,1
DA:6,1
DA:7,0
DA:8,0
DA:11,1
DA:15,1
DA:16,1
DA:21,1
DA:24,1
LF:10
LH:8
BRDA:6,0,0,0
BRDA:6,0,1,1
BRF:2
BRH:1
end_of_record
TN:
SF:src\getSetLocalStorage.js
FN:2,(anonymous_0)
FN:5,(anonymous_1)
FN:7,(anonymous_2)
FNF:3
FNH:3
FNDA:2,(anonymous_0)
FNDA:2,(anonymous_1)
FNDA:2,(anonymous_2)
DA:2,2
DA:5,1
DA:7,2
DA:8,2
DA:10,2
LF:5
LH:5
BRDA:2,0,0,2
BRDA:2,0,1,1
BRF:2
BRH:2
end_of_record
